  [1m[36m (1.3ms)[0m  [1mCREATE TABLE "schema_migrations" ("version" varchar NOT NULL) [0m
  [1m[35m (0.0ms)[0m  select sqlite_version(*)
  [1m[36m (1.1ms)[0m  [1mCREATE UNIQUE INDEX "unique_schema_migrations" ON "schema_migrations" ("version")[0m
  [1m[35mActiveRecord::SchemaMigration Load (0.1ms)[0m  SELECT "schema_migrations".* FROM "schema_migrations"


Started GET "/" for ::1 at 2016-01-01 12:32:16 -0600
Processing by Rails::WelcomeController#index as HTML
  Rendered /Users/admin/.rvm/gems/ruby-2.1.2/gems/railties-4.2.5/lib/rails/templates/rails/welcome/index.html.erb (2.4ms)
Completed 200 OK in 27ms (Views: 19.6ms | ActiveRecord: 0.0ms)
  [1m[36mActiveRecord::SchemaMigration Load (0.1ms)[0m  [1mSELECT "schema_migrations".* FROM "schema_migrations"[0m
Migrating to CreateArtists (20160101185906)
  [1m[35m (0.1ms)[0m  begin transaction
  [1m[36m (0.5ms)[0m  [1mCREATE TABLE "artists" ("id" INTEGER PRIMARY KEY AUTOINCREMENT NOT NULL, "name" varchar, "bio" text, "created_at" datetime NOT NULL, "updated_at" datetime NOT NULL) [0m
  [1m[35mSQL (0.2ms)[0m  INSERT INTO "schema_migrations" ("version") VALUES (?)  [["version", "20160101185906"]]
  [1m[36m (1.4ms)[0m  [1mcommit transaction[0m
Migrating to CreateGenres (20160101185927)
  [1m[35m (0.6ms)[0m  begin transaction
  [1m[36m (3.1ms)[0m  [1mCREATE TABLE "genres" ("id" INTEGER PRIMARY KEY AUTOINCREMENT NOT NULL, "name" varchar, "created_at" datetime NOT NULL, "updated_at" datetime NOT NULL) [0m
  [1m[35mSQL (0.1ms)[0m  INSERT INTO "schema_migrations" ("version") VALUES (?)  [["version", "20160101185927"]]
  [1m[36m (1.3ms)[0m  [1mcommit transaction[0m
Migrating to CreateSongs (20160101190129)
  [1m[35m (0.1ms)[0m  begin transaction
  [1m[36m (0.2ms)[0m  [1mCREATE TABLE "songs" ("id" INTEGER PRIMARY KEY AUTOINCREMENT NOT NULL, "name" varchar, "artist_id" integer, "genre_id" integer, "created_at" datetime NOT NULL, "updated_at" datetime NOT NULL) [0m
  [1m[35m (0.1ms)[0m  select sqlite_version(*)
  [1m[36m (0.1ms)[0m  [1mCREATE  INDEX "index_songs_on_artist_id" ON "songs" ("artist_id")[0m
  [1m[35m (0.1ms)[0m              SELECT sql
            FROM sqlite_master
            WHERE name='index_songs_on_artist_id' AND type='index'
            UNION ALL
            SELECT sql
            FROM sqlite_temp_master
            WHERE name='index_songs_on_artist_id' AND type='index'

  [1m[36m (0.1ms)[0m  [1mCREATE  INDEX "index_songs_on_genre_id" ON "songs" ("genre_id")[0m
  [1m[35mSQL (0.1ms)[0m  INSERT INTO "schema_migrations" ("version") VALUES (?)  [["version", "20160101190129"]]
  [1m[36m (1.0ms)[0m  [1mcommit transaction[0m
  [1m[35mActiveRecord::SchemaMigration Load (0.1ms)[0m  SELECT "schema_migrations".* FROM "schema_migrations"
  [1m[36m (0.1ms)[0m  [1m            SELECT sql
            FROM sqlite_master
            WHERE name='index_songs_on_genre_id' AND type='index'
            UNION ALL
            SELECT sql
            FROM sqlite_temp_master
            WHERE name='index_songs_on_genre_id' AND type='index'
[0m
  [1m[35m (0.1ms)[0m              SELECT sql
            FROM sqlite_master
            WHERE name='index_songs_on_artist_id' AND type='index'
            UNION ALL
            SELECT sql
            FROM sqlite_temp_master
            WHERE name='index_songs_on_artist_id' AND type='index'



Started GET "/artists/new" for ::1 at 2016-01-01 13:24:38 -0600
  [1m[36mActiveRecord::SchemaMigration Load (0.1ms)[0m  [1mSELECT "schema_migrations".* FROM "schema_migrations"[0m
Processing by ArtistsController#new as HTML
  Rendered artists/new.html.erb within layouts/application (32.2ms)
Completed 200 OK in 1228ms (Views: 1203.7ms | ActiveRecord: 1.4ms)


Started GET "/assets/genres.self-e3b0c44298fc1c149afbf4c8996fb92427ae41e4649b934ca495991b7852b855.css?body=1" for ::1 at 2016-01-01 13:24:40 -0600


Started GET "/assets/artists.self-e3b0c44298fc1c149afbf4c8996fb92427ae41e4649b934ca495991b7852b855.css?body=1" for ::1 at 2016-01-01 13:24:40 -0600


Started GET "/assets/songs.self-e3b0c44298fc1c149afbf4c8996fb92427ae41e4649b934ca495991b7852b855.css?body=1" for ::1 at 2016-01-01 13:24:40 -0600


Started GET "/assets/application.self-e80e8f2318043e8af94dddc2adad5a4f09739a8ebb323b3ab31cd71d45fd9113.css?body=1" for ::1 at 2016-01-01 13:24:40 -0600


Started GET "/assets/artists.self-877aef30ae1b040ab8a3aba4e3e309a11d7f2612f44dde450b5c157aa5f95c05.js?body=1" for ::1 at 2016-01-01 13:24:40 -0600


Started GET "/assets/genres.self-877aef30ae1b040ab8a3aba4e3e309a11d7f2612f44dde450b5c157aa5f95c05.js?body=1" for ::1 at 2016-01-01 13:24:40 -0600


Started GET "/assets/application.self-3b8dabdc891efe46b9a144b400ad69e37d7e5876bdc39dee783419a69d7ca819.js?body=1" for ::1 at 2016-01-01 13:24:40 -0600


Started GET "/assets/songs.self-877aef30ae1b040ab8a3aba4e3e309a11d7f2612f44dde450b5c157aa5f95c05.js?body=1" for ::1 at 2016-01-01 13:24:40 -0600


Started POST "/artists" for ::1 at 2016-01-01 13:24:47 -0600
Processing by ArtistsController#create as HTML
  Parameters: {"utf8"=>"✓", "authenticity_token"=>"HkFRiuHzrd+Q7uoS/K+eFRkedhl69xtz7pS1IRhvNS9ug56yyy2lCTtB92myB+UnRJ9BJ2ukbZooR1K6G0YbnQ==", "artist"=>{"name"=>"Taylor swift", "bio"=>"asdfadsfdsd"}, "commit"=>"Create Artist"}
  [1m[35m (0.1ms)[0m  begin transaction
  [1m[36mSQL (0.6ms)[0m  [1mINSERT INTO "artists" ("created_at", "updated_at") VALUES (?, ?)[0m  [["created_at", "2016-01-01 19:24:47.852225"], ["updated_at", "2016-01-01 19:24:47.852225"]]
  [1m[35m (2.2ms)[0m  commit transaction
Redirected to http://localhost:3000/artists/1
Completed 302 Found in 9ms (ActiveRecord: 2.9ms)


Started GET "/artists/1" for ::1 at 2016-01-01 13:24:47 -0600
Processing by ArtistsController#show as HTML
  Parameters: {"id"=>"1"}
  [1m[36mArtist Load (3.1ms)[0m  [1mSELECT  "artists".* FROM "artists" WHERE "artists"."id" = ? LIMIT 1[0m  [["id", 1]]
  Rendered artists/show.html.erb within layouts/application (0.4ms)
Completed 200 OK in 38ms (Views: 14.8ms | ActiveRecord: 3.1ms)


Started POST "/artists" for ::1 at 2016-01-01 13:26:21 -0600
Processing by ArtistsController#create as HTML
  Parameters: {"utf8"=>"✓", "authenticity_token"=>"HkFRiuHzrd+Q7uoS/K+eFRkedhl69xtz7pS1IRhvNS9ug56yyy2lCTtB92myB+UnRJ9BJ2ukbZooR1K6G0YbnQ==", "artist"=>{"name"=>"Taylor swift", "bio"=>"asdfadsfdsd"}, "commit"=>"Create Artist"}
Completed 500 Internal Server Error in 7ms (ActiveRecord: 0.4ms)

ActiveRecord::UnknownAttributeError (unknown attribute 'utf8' for Artist.):
  app/controllers/artists_controller.rb:15:in `create'


  Rendered /Users/admin/.rvm/gems/ruby-2.1.2/gems/actionpack-4.2.5/lib/action_dispatch/middleware/templates/rescues/_source.erb (3.3ms)
  Rendered /Users/admin/.rvm/gems/ruby-2.1.2/gems/actionpack-4.2.5/lib/action_dispatch/middleware/templates/rescues/_trace.html.erb (1.7ms)
  Rendered /Users/admin/.rvm/gems/ruby-2.1.2/gems/actionpack-4.2.5/lib/action_dispatch/middleware/templates/rescues/_request_and_response.html.erb (0.8ms)
  Rendered /Users/admin/.rvm/gems/ruby-2.1.2/gems/actionpack-4.2.5/lib/action_dispatch/middleware/templates/rescues/diagnostics.html.erb within rescues/layout (20.0ms)
  Rendered /Users/admin/.rvm/gems/ruby-2.1.2/gems/web-console-2.2.1/lib/web_console/templates/_markup.html.erb (0.4ms)
  Rendered /Users/admin/.rvm/gems/ruby-2.1.2/gems/web-console-2.2.1/lib/web_console/templates/_inner_console_markup.html.erb within layouts/inlined_string (0.3ms)
  Rendered /Users/admin/.rvm/gems/ruby-2.1.2/gems/web-console-2.2.1/lib/web_console/templates/_prompt_box_markup.html.erb within layouts/inlined_string (0.2ms)
  Rendered /Users/admin/.rvm/gems/ruby-2.1.2/gems/web-console-2.2.1/lib/web_console/templates/style.css.erb within layouts/inlined_string (0.3ms)
  Rendered /Users/admin/.rvm/gems/ruby-2.1.2/gems/web-console-2.2.1/lib/web_console/templates/console.js.erb within layouts/javascript (16.0ms)
  Rendered /Users/admin/.rvm/gems/ruby-2.1.2/gems/web-console-2.2.1/lib/web_console/templates/main.js.erb within layouts/javascript (0.3ms)
  Rendered /Users/admin/.rvm/gems/ruby-2.1.2/gems/web-console-2.2.1/lib/web_console/templates/error_page.js.erb within layouts/javascript (0.3ms)
  Rendered /Users/admin/.rvm/gems/ruby-2.1.2/gems/web-console-2.2.1/lib/web_console/templates/index.html.erb (60.5ms)


Started POST "/artists" for ::1 at 2016-01-01 13:26:32 -0600
Processing by ArtistsController#create as HTML
  Parameters: {"utf8"=>"✓", "authenticity_token"=>"HkFRiuHzrd+Q7uoS/K+eFRkedhl69xtz7pS1IRhvNS9ug56yyy2lCTtB92myB+UnRJ9BJ2ukbZooR1K6G0YbnQ==", "artist"=>{"name"=>"Taylor swift", "bio"=>"asdfadsfdsd"}, "commit"=>"Create Artist"}
  [1m[35m (0.0ms)[0m  begin transaction
  [1m[36mSQL (0.2ms)[0m  [1mINSERT INTO "artists" ("created_at", "updated_at") VALUES (?, ?)[0m  [["created_at", "2016-01-01 19:26:32.792159"], ["updated_at", "2016-01-01 19:26:32.792159"]]
  [1m[35m (2.9ms)[0m  commit transaction
Redirected to http://localhost:3000/artists/2
Completed 302 Found in 9ms (ActiveRecord: 3.5ms)


Started GET "/artists/2" for ::1 at 2016-01-01 13:26:32 -0600
Processing by ArtistsController#show as HTML
  Parameters: {"id"=>"2"}
  [1m[36mArtist Load (0.1ms)[0m  [1mSELECT  "artists".* FROM "artists" WHERE "artists"."id" = ? LIMIT 1[0m  [["id", 2]]
  Rendered artists/show.html.erb within layouts/application (0.1ms)
Completed 200 OK in 14ms (Views: 12.2ms | ActiveRecord: 0.1ms)


Started GET "/assets/artists.self-e3b0c44298fc1c149afbf4c8996fb92427ae41e4649b934ca495991b7852b855.css?body=1" for ::1 at 2016-01-01 13:26:32 -0600


Started GET "/assets/jquery.self-a714331225dda820228db323939889f149aec0127aeb06255646b616ba1ca419.js?body=1" for ::1 at 2016-01-01 13:26:32 -0600


Started GET "/assets/application.self-e80e8f2318043e8af94dddc2adad5a4f09739a8ebb323b3ab31cd71d45fd9113.css?body=1" for ::1 at 2016-01-01 13:26:32 -0600


Started GET "/assets/songs.self-e3b0c44298fc1c149afbf4c8996fb92427ae41e4649b934ca495991b7852b855.css?body=1" for ::1 at 2016-01-01 13:26:32 -0600


Started GET "/assets/jquery_ujs.self-d456baa54c1fa6be2ec3711f0a72ddf7a5b2f34a6b4f515f33767d6207b7d4b3.js?body=1" for ::1 at 2016-01-01 13:26:32 -0600


Started GET "/assets/genres.self-e3b0c44298fc1c149afbf4c8996fb92427ae41e4649b934ca495991b7852b855.css?body=1" for ::1 at 2016-01-01 13:26:32 -0600


Started GET "/assets/turbolinks.self-c37727e9bd6b2735da5c311aa83fead54ed0be6cc8bd9a65309e9c5abe2cbfff.js?body=1" for ::1 at 2016-01-01 13:26:32 -0600


Started GET "/assets/artists.self-877aef30ae1b040ab8a3aba4e3e309a11d7f2612f44dde450b5c157aa5f95c05.js?body=1" for ::1 at 2016-01-01 13:26:32 -0600


Started GET "/assets/songs.self-877aef30ae1b040ab8a3aba4e3e309a11d7f2612f44dde450b5c157aa5f95c05.js?body=1" for ::1 at 2016-01-01 13:26:32 -0600


Started GET "/assets/application.self-3b8dabdc891efe46b9a144b400ad69e37d7e5876bdc39dee783419a69d7ca819.js?body=1" for ::1 at 2016-01-01 13:26:32 -0600


Started GET "/assets/genres.self-877aef30ae1b040ab8a3aba4e3e309a11d7f2612f44dde450b5c157aa5f95c05.js?body=1" for ::1 at 2016-01-01 13:26:32 -0600


Started GET "/artists/new" for ::1 at 2016-01-01 13:28:51 -0600
  [1m[36mActiveRecord::SchemaMigration Load (0.1ms)[0m  [1mSELECT "schema_migrations".* FROM "schema_migrations"[0m
Processing by ArtistsController#new as HTML
  Rendered artists/new.html.erb within layouts/application (17.1ms)
Completed 200 OK in 401ms (Views: 379.6ms | ActiveRecord: 0.2ms)


Started GET "/assets/artists.self-e3b0c44298fc1c149afbf4c8996fb92427ae41e4649b934ca495991b7852b855.css?body=1" for ::1 at 2016-01-01 13:28:51 -0600


Started GET "/assets/genres.self-e3b0c44298fc1c149afbf4c8996fb92427ae41e4649b934ca495991b7852b855.css?body=1" for ::1 at 2016-01-01 13:28:51 -0600


Started GET "/assets/application.self-e80e8f2318043e8af94dddc2adad5a4f09739a8ebb323b3ab31cd71d45fd9113.css?body=1" for ::1 at 2016-01-01 13:28:51 -0600


Started GET "/assets/songs.self-e3b0c44298fc1c149afbf4c8996fb92427ae41e4649b934ca495991b7852b855.css?body=1" for ::1 at 2016-01-01 13:28:51 -0600


Started GET "/assets/jquery_ujs.self-d456baa54c1fa6be2ec3711f0a72ddf7a5b2f34a6b4f515f33767d6207b7d4b3.js?body=1" for ::1 at 2016-01-01 13:28:51 -0600


Started GET "/assets/jquery.self-a714331225dda820228db323939889f149aec0127aeb06255646b616ba1ca419.js?body=1" for ::1 at 2016-01-01 13:28:51 -0600


Started GET "/assets/turbolinks.self-c37727e9bd6b2735da5c311aa83fead54ed0be6cc8bd9a65309e9c5abe2cbfff.js?body=1" for ::1 at 2016-01-01 13:28:51 -0600


Started GET "/assets/artists.self-877aef30ae1b040ab8a3aba4e3e309a11d7f2612f44dde450b5c157aa5f95c05.js?body=1" for ::1 at 2016-01-01 13:28:51 -0600


Started GET "/assets/genres.self-877aef30ae1b040ab8a3aba4e3e309a11d7f2612f44dde450b5c157aa5f95c05.js?body=1" for ::1 at 2016-01-01 13:28:51 -0600


Started GET "/assets/songs.self-877aef30ae1b040ab8a3aba4e3e309a11d7f2612f44dde450b5c157aa5f95c05.js?body=1" for ::1 at 2016-01-01 13:28:51 -0600


Started GET "/assets/application.self-3b8dabdc891efe46b9a144b400ad69e37d7e5876bdc39dee783419a69d7ca819.js?body=1" for ::1 at 2016-01-01 13:28:51 -0600


Started POST "/artists" for ::1 at 2016-01-01 13:28:56 -0600
Processing by ArtistsController#create as HTML
  Parameters: {"utf8"=>"✓", "authenticity_token"=>"XnCzgtqX+GWe++miH3t3/zE4UDGaeA93ze/QMZTdjZsusny68EnwszVU9NlR0wzNbLlnD4sreZ4LPDeql/SjKQ==", "artist"=>{"name"=>"Taylor swift 3", "bio"=>"asdfasf"}, "commit"=>"Create Artist"}
  [1m[35m (0.1ms)[0m  begin transaction
  [1m[36mSQL (0.4ms)[0m  [1mINSERT INTO "artists" ("name", "bio", "created_at", "updated_at") VALUES (?, ?, ?, ?)[0m  [["name", "Taylor swift 3"], ["bio", "asdfasf"], ["created_at", "2016-01-01 19:28:56.746531"], ["updated_at", "2016-01-01 19:28:56.746531"]]
  [1m[35m (1.0ms)[0m  commit transaction
Redirected to http://localhost:3000/artists/3
Completed 302 Found in 6ms (ActiveRecord: 1.4ms)


Started GET "/artists/3" for ::1 at 2016-01-01 13:28:56 -0600
Processing by ArtistsController#show as HTML
  Parameters: {"id"=>"3"}
  [1m[36mArtist Load (0.1ms)[0m  [1mSELECT  "artists".* FROM "artists" WHERE "artists"."id" = ? LIMIT 1[0m  [["id", 3]]
  Rendered artists/show.html.erb within layouts/application (0.4ms)
Completed 200 OK in 24ms (Views: 16.0ms | ActiveRecord: 0.1ms)


Started GET "/artists/3/edit" for ::1 at 2016-01-01 13:30:47 -0600
Processing by ArtistsController#edit as HTML
  Parameters: {"id"=>"3"}
  [1m[35mArtist Load (0.1ms)[0m  SELECT  "artists".* FROM "artists" WHERE "artists"."id" = ? LIMIT 1  [["id", 3]]
  Rendered artists/edit.html.erb within layouts/application (1.5ms)
Completed 200 OK in 20ms (Views: 15.2ms | ActiveRecord: 0.4ms)


Started PATCH "/artists/3" for ::1 at 2016-01-01 13:30:50 -0600
Processing by ArtistsController#update as HTML
  Parameters: {"utf8"=>"✓", "authenticity_token"=>"xVhVPxfKU9Q7eYRUd52reOFCal83ttv2uY/1Orn4huK1mpoHPRRbApDWmS85NdBKvMNdYSblrR9/XBKhutGoUA==", "artist"=>{"name"=>"Taylor swift 5", "bio"=>"asdfasf"}, "commit"=>"Update Artist", "id"=>"3"}
  [1m[36mArtist Load (0.1ms)[0m  [1mSELECT  "artists".* FROM "artists" WHERE "artists"."id" = ? LIMIT 1[0m  [["id", 3]]
  [1m[35m (0.0ms)[0m  begin transaction
  [1m[36mSQL (0.2ms)[0m  [1mUPDATE "artists" SET "name" = ?, "updated_at" = ? WHERE "artists"."id" = ?[0m  [["name", "Taylor swift 5"], ["updated_at", "2016-01-01 19:30:50.424882"], ["id", 3]]
  [1m[35m (1.4ms)[0m  commit transaction
Redirected to http://localhost:3000/artists/3
Completed 302 Found in 5ms (ActiveRecord: 1.7ms)


Started GET "/artists/3" for ::1 at 2016-01-01 13:30:50 -0600
Processing by ArtistsController#show as HTML
  Parameters: {"id"=>"3"}
  [1m[36mArtist Load (0.1ms)[0m  [1mSELECT  "artists".* FROM "artists" WHERE "artists"."id" = ? LIMIT 1[0m  [["id", 3]]
  Rendered artists/show.html.erb within layouts/application (0.1ms)
Completed 200 OK in 12ms (Views: 11.4ms | ActiveRecord: 0.1ms)


Started GET "/genres/new" for ::1 at 2016-01-01 13:30:56 -0600
Processing by GenresController#new as HTML
  Rendered genres/new.html.erb within layouts/application (1.5ms)
Completed 200 OK in 20ms (Views: 15.7ms | ActiveRecord: 0.2ms)


Started POST "/genres" for ::1 at 2016-01-01 13:31:00 -0600
Processing by GenresController#create as HTML
  Parameters: {"utf8"=>"✓", "authenticity_token"=>"GyQ6+ErvD9gLMPQ/JUgVK4Z7Uaw5O5DJn/9RjIM3LTtr5vXAYDEHDqCf6URr4G4Z2/pmkiho5iBZLLYXgB4DiQ==", "genre"=>{"name"=>"my genre"}, "commit"=>"Create Genre"}
  [1m[35m (0.1ms)[0m  begin transaction
  [1m[36mSQL (0.3ms)[0m  [1mINSERT INTO "genres" ("name", "created_at", "updated_at") VALUES (?, ?, ?)[0m  [["name", "my genre"], ["created_at", "2016-01-01 19:31:00.292516"], ["updated_at", "2016-01-01 19:31:00.292516"]]
  [1m[35m (1.1ms)[0m  commit transaction
Redirected to http://localhost:3000/genres/1
Completed 302 Found in 4ms (ActiveRecord: 1.5ms)


Started GET "/genres/1" for ::1 at 2016-01-01 13:31:00 -0600
Processing by GenresController#show as HTML
  Parameters: {"id"=>"1"}
  [1m[36mGenre Load (0.1ms)[0m  [1mSELECT  "genres".* FROM "genres" WHERE "genres"."id" = ? LIMIT 1[0m  [["id", 1]]
  Rendered genres/show.html.erb within layouts/application (0.5ms)
Completed 200 OK in 13ms (Views: 11.8ms | ActiveRecord: 0.1ms)


Started GET "/songs/new" for ::1 at 2016-01-01 13:31:04 -0600
Processing by SongsController#new as HTML
  Rendered songs/new.html.erb within layouts/application (1.5ms)
Completed 200 OK in 24ms (Views: 14.5ms | ActiveRecord: 0.2ms)


Started POST "/songs" for ::1 at 2016-01-01 13:31:10 -0600
Processing by SongsController#create as HTML
  Parameters: {"utf8"=>"✓", "authenticity_token"=>"FsT34ZbCSbXi+TKQVhLGZgjk2W4pJIEL2PbB2bjtjOBmBjjZvBxBY0lWL+sYur1UVWXuUDh39+IeJSZCu8SiUg==", "song"=>{"name"=>"Hit me", "artist_id"=>"1", "genre_id"=>"1"}, "commit"=>"Create Song"}
Unpermitted parameter: genre_id
  [1m[35m (0.1ms)[0m  begin transaction
  [1m[36mSQL (0.3ms)[0m  [1mINSERT INTO "songs" ("name", "artist_id", "created_at", "updated_at") VALUES (?, ?, ?, ?)[0m  [["name", "Hit me"], ["artist_id", 1], ["created_at", "2016-01-01 19:31:10.284576"], ["updated_at", "2016-01-01 19:31:10.284576"]]
  [1m[35m (1.2ms)[0m  commit transaction
Redirected to http://localhost:3000/songs/1
Completed 302 Found in 4ms (ActiveRecord: 1.5ms)


Started GET "/songs/1" for ::1 at 2016-01-01 13:31:10 -0600
Processing by SongsController#show as HTML
  Parameters: {"id"=>"1"}
  [1m[36mSong Load (0.1ms)[0m  [1mSELECT  "songs".* FROM "songs" WHERE "songs"."id" = ? LIMIT 1[0m  [["id", 1]]
  [1m[35mArtist Load (0.1ms)[0m  SELECT  "artists".* FROM "artists" WHERE "artists"."id" = ? LIMIT 1  [["id", 1]]
  Rendered songs/show.html.erb within layouts/application (33.7ms)
Completed 500 Internal Server Error in 37ms (ActiveRecord: 0.2ms)

ActionView::Template::Error (undefined method `name' for nil:NilClass):
    1: <h1><%= @song.name %></h1>
    2: <p><%= @song.artist.name %></p>
    3: <p><%= @song.genre.name %></p>
  app/views/songs/show.html.erb:3:in `_app_views_songs_show_html_erb__2365107216035573209_70182261742740'


  Rendered /Users/admin/.rvm/gems/ruby-2.1.2/gems/actionpack-4.2.5/lib/action_dispatch/middleware/templates/rescues/_source.erb (4.0ms)
  Rendered /Users/admin/.rvm/gems/ruby-2.1.2/gems/actionpack-4.2.5/lib/action_dispatch/middleware/templates/rescues/_trace.html.erb (1.8ms)
  Rendered /Users/admin/.rvm/gems/ruby-2.1.2/gems/actionpack-4.2.5/lib/action_dispatch/middleware/templates/rescues/_request_and_response.html.erb (0.8ms)
  Rendered /Users/admin/.rvm/gems/ruby-2.1.2/gems/actionpack-4.2.5/lib/action_dispatch/middleware/templates/rescues/template_error.html.erb within rescues/layout (18.5ms)
  Rendered /Users/admin/.rvm/gems/ruby-2.1.2/gems/web-console-2.2.1/lib/web_console/templates/_markup.html.erb (0.4ms)
  Rendered /Users/admin/.rvm/gems/ruby-2.1.2/gems/web-console-2.2.1/lib/web_console/templates/_inner_console_markup.html.erb within layouts/inlined_string (0.2ms)
  Rendered /Users/admin/.rvm/gems/ruby-2.1.2/gems/web-console-2.2.1/lib/web_console/templates/_prompt_box_markup.html.erb within layouts/inlined_string (0.2ms)
  Rendered /Users/admin/.rvm/gems/ruby-2.1.2/gems/web-console-2.2.1/lib/web_console/templates/style.css.erb within layouts/inlined_string (0.2ms)
  Rendered /Users/admin/.rvm/gems/ruby-2.1.2/gems/web-console-2.2.1/lib/web_console/templates/console.js.erb within layouts/javascript (12.9ms)
  Rendered /Users/admin/.rvm/gems/ruby-2.1.2/gems/web-console-2.2.1/lib/web_console/templates/main.js.erb within layouts/javascript (0.3ms)
  Rendered /Users/admin/.rvm/gems/ruby-2.1.2/gems/web-console-2.2.1/lib/web_console/templates/error_page.js.erb within layouts/javascript (0.3ms)
  Rendered /Users/admin/.rvm/gems/ruby-2.1.2/gems/web-console-2.2.1/lib/web_console/templates/index.html.erb (31.9ms)


Started GET "/songs/1" for ::1 at 2016-01-01 13:31:35 -0600
Processing by SongsController#show as HTML
  Parameters: {"id"=>"1"}
  [1m[36mSong Load (0.1ms)[0m  [1mSELECT  "songs".* FROM "songs" WHERE "songs"."id" = ? LIMIT 1[0m  [["id", 1]]
  [1m[35mArtist Load (0.1ms)[0m  SELECT  "artists".* FROM "artists" WHERE "artists"."id" = ? LIMIT 1  [["id", 1]]
  Rendered songs/show.html.erb within layouts/application (14.2ms)
Completed 500 Internal Server Error in 24ms (ActiveRecord: 0.7ms)

ActionView::Template::Error (undefined method `name' for nil:NilClass):
    1: <h1><%= @song.name %></h1>
    2: <p><%= @song.artist.name %></p>
    3: <p><%= @song.genre.name %></p>
  app/views/songs/show.html.erb:3:in `_app_views_songs_show_html_erb__2365107216035573209_70182261742740'


  Rendered /Users/admin/.rvm/gems/ruby-2.1.2/gems/actionpack-4.2.5/lib/action_dispatch/middleware/templates/rescues/_source.erb (3.8ms)
  Rendered /Users/admin/.rvm/gems/ruby-2.1.2/gems/actionpack-4.2.5/lib/action_dispatch/middleware/templates/rescues/_trace.html.erb (1.7ms)
  Rendered /Users/admin/.rvm/gems/ruby-2.1.2/gems/actionpack-4.2.5/lib/action_dispatch/middleware/templates/rescues/_request_and_response.html.erb (0.7ms)
  Rendered /Users/admin/.rvm/gems/ruby-2.1.2/gems/actionpack-4.2.5/lib/action_dispatch/middleware/templates/rescues/template_error.html.erb within rescues/layout (14.3ms)
  Rendered /Users/admin/.rvm/gems/ruby-2.1.2/gems/web-console-2.2.1/lib/web_console/templates/_markup.html.erb (0.2ms)
  Rendered /Users/admin/.rvm/gems/ruby-2.1.2/gems/web-console-2.2.1/lib/web_console/templates/_inner_console_markup.html.erb within layouts/inlined_string (0.2ms)
  Rendered /Users/admin/.rvm/gems/ruby-2.1.2/gems/web-console-2.2.1/lib/web_console/templates/_prompt_box_markup.html.erb within layouts/inlined_string (0.2ms)
  Rendered /Users/admin/.rvm/gems/ruby-2.1.2/gems/web-console-2.2.1/lib/web_console/templates/style.css.erb within layouts/inlined_string (0.2ms)
  Rendered /Users/admin/.rvm/gems/ruby-2.1.2/gems/web-console-2.2.1/lib/web_console/templates/console.js.erb within layouts/javascript (9.5ms)
  Rendered /Users/admin/.rvm/gems/ruby-2.1.2/gems/web-console-2.2.1/lib/web_console/templates/main.js.erb within layouts/javascript (0.2ms)
  Rendered /Users/admin/.rvm/gems/ruby-2.1.2/gems/web-console-2.2.1/lib/web_console/templates/error_page.js.erb within layouts/javascript (0.3ms)
  Rendered /Users/admin/.rvm/gems/ruby-2.1.2/gems/web-console-2.2.1/lib/web_console/templates/index.html.erb (20.1ms)


Started POST "/songs" for ::1 at 2016-01-01 13:31:37 -0600
Processing by SongsController#create as HTML
  Parameters: {"utf8"=>"✓", "authenticity_token"=>"FsT34ZbCSbXi+TKQVhLGZgjk2W4pJIEL2PbB2bjtjOBmBjjZvBxBY0lWL+sYur1UVWXuUDh39+IeJSZCu8SiUg==", "song"=>{"name"=>"Hit me", "artist_id"=>"1", "genre_id"=>"1"}, "commit"=>"Create Song"}
  [1m[36m (0.1ms)[0m  [1mbegin transaction[0m
  [1m[35mSQL (0.4ms)[0m  INSERT INTO "songs" ("name", "artist_id", "genre_id", "created_at", "updated_at") VALUES (?, ?, ?, ?, ?)  [["name", "Hit me"], ["artist_id", 1], ["genre_id", 1], ["created_at", "2016-01-01 19:31:37.809589"], ["updated_at", "2016-01-01 19:31:37.809589"]]
  [1m[36m (3.0ms)[0m  [1mcommit transaction[0m
Redirected to http://localhost:3000/songs/2
Completed 302 Found in 7ms (ActiveRecord: 3.4ms)


Started GET "/songs/2" for ::1 at 2016-01-01 13:31:37 -0600
Processing by SongsController#show as HTML
  Parameters: {"id"=>"2"}
  [1m[35mSong Load (0.1ms)[0m  SELECT  "songs".* FROM "songs" WHERE "songs"."id" = ? LIMIT 1  [["id", 2]]
  [1m[36mArtist Load (0.0ms)[0m  [1mSELECT  "artists".* FROM "artists" WHERE "artists"."id" = ? LIMIT 1[0m  [["id", 1]]
  [1m[35mGenre Load (0.1ms)[0m  SELECT  "genres".* FROM "genres" WHERE "genres"."id" = ? LIMIT 1  [["id", 1]]
  Rendered songs/show.html.erb within layouts/application (2.9ms)
Completed 200 OK in 17ms (Views: 15.2ms | ActiveRecord: 0.3ms)


Started GET "/songs" for ::1 at 2016-01-01 13:31:41 -0600
Processing by SongsController#index as HTML
  [1m[36mSong Load (0.1ms)[0m  [1mSELECT "songs".* FROM "songs"[0m
  [1m[35mArtist Load (0.0ms)[0m  SELECT  "artists".* FROM "artists" WHERE "artists"."id" = ? LIMIT 1  [["id", 1]]
  Rendered songs/index.html.erb within layouts/application (2.5ms)
Completed 500 Internal Server Error in 5ms (ActiveRecord: 0.2ms)

ActionView::Template::Error (undefined method `name' for nil:NilClass):
    1: <% @songs.each do |song| %>
    2: 	<p><%= link_to song.artist.name, artist_path(song.artist) %> | <%= song.name %> | <%= link_to song.genre.name, genre_path(song.genre) %></p>
    3: <% end %>
  app/views/songs/index.html.erb:2:in `block in _app_views_songs_index_html_erb___3937401743985708922_70182263569680'
  app/views/songs/index.html.erb:1:in `_app_views_songs_index_html_erb___3937401743985708922_70182263569680'


  Rendered /Users/admin/.rvm/gems/ruby-2.1.2/gems/actionpack-4.2.5/lib/action_dispatch/middleware/templates/rescues/_source.erb (4.3ms)
  Rendered /Users/admin/.rvm/gems/ruby-2.1.2/gems/actionpack-4.2.5/lib/action_dispatch/middleware/templates/rescues/_trace.html.erb (1.8ms)
  Rendered /Users/admin/.rvm/gems/ruby-2.1.2/gems/actionpack-4.2.5/lib/action_dispatch/middleware/templates/rescues/_request_and_response.html.erb (0.8ms)
  Rendered /Users/admin/.rvm/gems/ruby-2.1.2/gems/actionpack-4.2.5/lib/action_dispatch/middleware/templates/rescues/template_error.html.erb within rescues/layout (48.4ms)
  Rendered /Users/admin/.rvm/gems/ruby-2.1.2/gems/web-console-2.2.1/lib/web_console/templates/_markup.html.erb (0.3ms)
  Rendered /Users/admin/.rvm/gems/ruby-2.1.2/gems/web-console-2.2.1/lib/web_console/templates/_inner_console_markup.html.erb within layouts/inlined_string (0.2ms)
  Rendered /Users/admin/.rvm/gems/ruby-2.1.2/gems/web-console-2.2.1/lib/web_console/templates/_prompt_box_markup.html.erb within layouts/inlined_string (0.2ms)
  Rendered /Users/admin/.rvm/gems/ruby-2.1.2/gems/web-console-2.2.1/lib/web_console/templates/style.css.erb within layouts/inlined_string (0.2ms)
  Rendered /Users/admin/.rvm/gems/ruby-2.1.2/gems/web-console-2.2.1/lib/web_console/templates/console.js.erb within layouts/javascript (9.3ms)
  Rendered /Users/admin/.rvm/gems/ruby-2.1.2/gems/web-console-2.2.1/lib/web_console/templates/main.js.erb within layouts/javascript (0.2ms)
  Rendered /Users/admin/.rvm/gems/ruby-2.1.2/gems/web-console-2.2.1/lib/web_console/templates/error_page.js.erb within layouts/javascript (0.2ms)
  Rendered /Users/admin/.rvm/gems/ruby-2.1.2/gems/web-console-2.2.1/lib/web_console/templates/index.html.erb (19.8ms)


Started GET "/songs" for ::1 at 2016-01-01 13:32:30 -0600
Processing by SongsController#index as HTML
  [1m[36mSong Load (0.1ms)[0m  [1mSELECT "songs".* FROM "songs"[0m
  [1m[35mArtist Load (0.0ms)[0m  SELECT  "artists".* FROM "artists" WHERE "artists"."id" = ? LIMIT 1  [["id", 1]]
  [1m[36mCACHE (0.0ms)[0m  [1mSELECT  "artists".* FROM "artists" WHERE "artists"."id" = ? LIMIT 1[0m  [["id", 1]]
  [1m[35mGenre Load (0.0ms)[0m  SELECT  "genres".* FROM "genres" WHERE "genres"."id" = ? LIMIT 1  [["id", 1]]
  Rendered songs/index.html.erb within layouts/application (2.4ms)
Completed 200 OK in 14ms (Views: 13.4ms | ActiveRecord: 0.2ms)


Started GET "/assets/genres.self-e3b0c44298fc1c149afbf4c8996fb92427ae41e4649b934ca495991b7852b855.css?body=1" for ::1 at 2016-01-01 13:32:30 -0600


Started GET "/assets/artists.self-e3b0c44298fc1c149afbf4c8996fb92427ae41e4649b934ca495991b7852b855.css?body=1" for ::1 at 2016-01-01 13:32:30 -0600


Started GET "/assets/songs.self-e3b0c44298fc1c149afbf4c8996fb92427ae41e4649b934ca495991b7852b855.css?body=1" for ::1 at 2016-01-01 13:32:30 -0600


Started GET "/assets/turbolinks.self-c37727e9bd6b2735da5c311aa83fead54ed0be6cc8bd9a65309e9c5abe2cbfff.js?body=1" for ::1 at 2016-01-01 13:32:30 -0600


Started GET "/assets/application.self-e80e8f2318043e8af94dddc2adad5a4f09739a8ebb323b3ab31cd71d45fd9113.css?body=1" for ::1 at 2016-01-01 13:32:30 -0600


Started GET "/assets/jquery_ujs.self-d456baa54c1fa6be2ec3711f0a72ddf7a5b2f34a6b4f515f33767d6207b7d4b3.js?body=1" for ::1 at 2016-01-01 13:32:30 -0600


Started GET "/assets/jquery.self-a714331225dda820228db323939889f149aec0127aeb06255646b616ba1ca419.js?body=1" for ::1 at 2016-01-01 13:32:30 -0600


Started GET "/assets/artists.self-877aef30ae1b040ab8a3aba4e3e309a11d7f2612f44dde450b5c157aa5f95c05.js?body=1" for ::1 at 2016-01-01 13:32:30 -0600


Started GET "/assets/genres.self-877aef30ae1b040ab8a3aba4e3e309a11d7f2612f44dde450b5c157aa5f95c05.js?body=1" for ::1 at 2016-01-01 13:32:30 -0600


Started GET "/assets/songs.self-877aef30ae1b040ab8a3aba4e3e309a11d7f2612f44dde450b5c157aa5f95c05.js?body=1" for ::1 at 2016-01-01 13:32:30 -0600


Started GET "/assets/application.self-3b8dabdc891efe46b9a144b400ad69e37d7e5876bdc39dee783419a69d7ca819.js?body=1" for ::1 at 2016-01-01 13:32:30 -0600


Started GET "/songs" for ::1 at 2016-01-01 13:33:18 -0600
Processing by SongsController#index as HTML
  [1m[36mSong Load (0.1ms)[0m  [1mSELECT "songs".* FROM "songs"[0m
  [1m[35mArtist Load (0.1ms)[0m  SELECT  "artists".* FROM "artists" WHERE "artists"."id" = ? LIMIT 1  [["id", 1]]
  [1m[36mCACHE (0.0ms)[0m  [1mSELECT  "artists".* FROM "artists" WHERE "artists"."id" = ? LIMIT 1[0m  [["id", 1]]
  [1m[35mGenre Load (0.1ms)[0m  SELECT  "genres".* FROM "genres" WHERE "genres"."id" = ? LIMIT 1  [["id", 1]]
  Rendered songs/index.html.erb within layouts/application (2.2ms)
Completed 200 OK in 13ms (Views: 12.2ms | ActiveRecord: 0.2ms)


Started GET "/assets/artists.self-e3b0c44298fc1c149afbf4c8996fb92427ae41e4649b934ca495991b7852b855.css?body=1" for ::1 at 2016-01-01 13:33:18 -0600


Started GET "/assets/songs.self-e3b0c44298fc1c149afbf4c8996fb92427ae41e4649b934ca495991b7852b855.css?body=1" for ::1 at 2016-01-01 13:33:18 -0600


Started GET "/assets/application.self-e80e8f2318043e8af94dddc2adad5a4f09739a8ebb323b3ab31cd71d45fd9113.css?body=1" for ::1 at 2016-01-01 13:33:18 -0600


Started GET "/assets/genres.self-e3b0c44298fc1c149afbf4c8996fb92427ae41e4649b934ca495991b7852b855.css?body=1" for ::1 at 2016-01-01 13:33:18 -0600


Started GET "/assets/jquery_ujs.self-d456baa54c1fa6be2ec3711f0a72ddf7a5b2f34a6b4f515f33767d6207b7d4b3.js?body=1" for ::1 at 2016-01-01 13:33:18 -0600


Started GET "/assets/jquery.self-a714331225dda820228db323939889f149aec0127aeb06255646b616ba1ca419.js?body=1" for ::1 at 2016-01-01 13:33:18 -0600


Started GET "/assets/turbolinks.self-c37727e9bd6b2735da5c311aa83fead54ed0be6cc8bd9a65309e9c5abe2cbfff.js?body=1" for ::1 at 2016-01-01 13:33:18 -0600


Started GET "/assets/artists.self-877aef30ae1b040ab8a3aba4e3e309a11d7f2612f44dde450b5c157aa5f95c05.js?body=1" for ::1 at 2016-01-01 13:33:18 -0600


Started GET "/assets/genres.self-877aef30ae1b040ab8a3aba4e3e309a11d7f2612f44dde450b5c157aa5f95c05.js?body=1" for ::1 at 2016-01-01 13:33:18 -0600


Started GET "/assets/songs.self-877aef30ae1b040ab8a3aba4e3e309a11d7f2612f44dde450b5c157aa5f95c05.js?body=1" for ::1 at 2016-01-01 13:33:18 -0600


Started GET "/assets/application.self-3b8dabdc891efe46b9a144b400ad69e37d7e5876bdc39dee783419a69d7ca819.js?body=1" for ::1 at 2016-01-01 13:33:18 -0600


Started GET "/artists/1" for ::1 at 2016-01-01 13:33:19 -0600
Processing by ArtistsController#show as HTML
  Parameters: {"id"=>"1"}
  [1m[36mArtist Load (0.1ms)[0m  [1mSELECT  "artists".* FROM "artists" WHERE "artists"."id" = ? LIMIT 1[0m  [["id", 1]]
  Rendered artists/show.html.erb within layouts/application (0.3ms)
Completed 200 OK in 14ms (Views: 12.3ms | ActiveRecord: 0.1ms)
